Using pre-set license
Built from '2020.3/staging' branch; Version is '2020.3.9f1 (108be757e447) revision 1084391'; Using compiler version '192528614'; Build Type 'Release'
OS: 'Windows 10 Pro; OS build 19041.1052; Version 2004; 64bit' Language: 'en' Physical Memory: 16228 MB
BatchMode: 1, IsHumanControllingUs: 0, StartBugReporterOnCrash: 0, Is64bit: 1, IsPro: 0

 COMMAND LINE ARGUMENTS:
C:\Program Files\Unity\Hub\Editor\2020.3.9f1\Editor\Unity.exe
-adb2
-batchMode
-noUpm
-name
AssetImportWorker0
-projectPath
D:/DEV/Unity/Projects/ShootEmUp
-logFile
Logs/AssetImportWorker0.log
-srvPort
55914
Successfully changed project path to: D:/DEV/Unity/Projects/ShootEmUp
D:/DEV/Unity/Projects/ShootEmUp
Using Asset Import Pipeline V2.
Refreshing native plugins compatible for Editor in 34.86 ms, found 1 plugins.
Preloading 0 native plugins for Editor in 0.00 ms.
Initialize engine version: 2020.3.9f1 (108be757e447)
[Subsystems] Discovering subsystems at path C:/Program Files/Unity/Hub/Editor/2020.3.9f1/Editor/Data/Resources/UnitySubsystems
[Subsystems] Discovering subsystems at path D:/DEV/Unity/Projects/ShootEmUp/Assets
GfxDevice: creating device client; threaded=0
Direct3D:
    Version:  Direct3D 11.0 [level 11.1]
    Renderer: NVIDIA GeForce GTX 1070 (ID=0x1ba1)
    Vendor:   
    VRAM:     8081 MB
    Driver:   26.21.14.4237
Initialize mono
Mono path[0] = 'C:/Program Files/Unity/Hub/Editor/2020.3.9f1/Editor/Data/Managed'
Mono path[1] = 'C:/Program Files/Unity/Hub/Editor/2020.3.9f1/Editor/Data/MonoBleedingEdge/lib/mono/unityjit'
Mono config path = 'C:/Program Files/Unity/Hub/Editor/2020.3.9f1/Editor/Data/MonoBleedingEdge/etc'
Using monoOptions --debugger-agent=transport=dt_socket,embedding=1,server=y,suspend=n,address=127.0.0.1:56512
Begin MonoManager ReloadAssembly
Registering precompiled unity dll's ...
Register platform support module: C:/Program Files/Unity/Hub/Editor/2020.3.9f1/Editor/Data/PlaybackEngines/WindowsStandaloneSupport/UnityEditor.WindowsStandalone.Extensions.dll
Registered in 0.002463 seconds.
Native extension for WindowsStandalone target not found
Refreshing native plugins compatible for Editor in 34.53 ms, found 1 plugins.
Preloading 0 native plugins for Editor in 0.00 ms.
Mono: successfully reloaded assembly
- Completed reload, in  1.052 seconds
Platform modules already initialized, skipping
Registering precompiled user dll's ...
Registered in 0.000715 seconds.
Begin MonoManager ReloadAssembly
Native extension for WindowsStandalone target not found
Refreshing native plugins compatible for Editor in 33.92 ms, found 1 plugins.
Preloading 0 native plugins for Editor in 0.00 ms.
Mono: successfully reloaded assembly
- Completed reload, in  0.831 seconds
Platform modules already initialized, skipping
========================================================================
Worker process is ready to serve import requests
Launched and connected shader compiler UnityShaderCompiler.exe after 0.05 seconds
Refreshing native plugins compatible for Editor in 0.34 ms, found 1 plugins.
Preloading 0 native plugins for Editor in 0.00 ms.
Unloading 1853 Unused Serialized files (Serialized files now loaded: 0)
System memory in use before: 88.1 MB.
System memory in use after: 88.0 MB.

Unloading 24 unused Assets to reduce memory usage. Loaded Objects now: 2301.
Total: 2.111700 ms (FindLiveObjects: 0.200700 ms CreateObjectMapping: 0.056700 ms MarkObjects: 1.725800 ms  DeleteObjects: 0.127600 ms)

========================================================================
Received Import Request.
  path: Assets/Prefab/Killables/Enemy.prefab
  artifactKey: Guid(30b916f3cd31dbc41922cf75ebebe2e9) Importer(815301076,1909f56bfc062723c751e8b465ee728b)
Start importing Assets/Prefab/Killables/Enemy.prefab using Guid(30b916f3cd31dbc41922cf75ebebe2e9) Importer(815301076,1909f56bfc062723c751e8b465ee728b)  -> (artifact id: '370e2bae96b9f92e4013a36f8b10346d') in 0.213989 seconds
  Import took 0.216715 seconds .

========================================================================
Received Import Request.
  Time since last request: 15.512916 seconds.
  path: Assets/Prefab/Killables/Enemy.prefab
  artifactKey: Guid(30b916f3cd31dbc41922cf75ebebe2e9) Importer(815301076,1909f56bfc062723c751e8b465ee728b)
Start importing Assets/Prefab/Killables/Enemy.prefab using Guid(30b916f3cd31dbc41922cf75ebebe2e9) Importer(815301076,1909f56bfc062723c751e8b465ee728b)  -> (artifact id: '3c31b54d3602afd367d2942c30b66de2') in 0.029096 seconds
  Import took 0.032445 seconds .

========================================================================
Received Prepare
Registering precompiled user dll's ...
Registered in 0.000927 seconds.
Begin MonoManager ReloadAssembly
Native extension for WindowsStandalone target not found
Refreshing native plugins compatible for Editor in 0.34 ms, found 1 plugins.
Preloading 0 native plugins for Editor in 0.00 ms.
Mono: successfully reloaded assembly
- Completed reload, in  0.753 seconds
Platform modules already initialized, skipping
Refreshing native plugins compatible for Editor in 0.35 ms, found 1 plugins.
Preloading 0 native plugins for Editor in 0.00 ms.
Unloading 1835 Unused Serialized files (Serialized files now loaded: 0)
System memory in use before: 89.9 MB.
System memory in use after: 89.9 MB.

Unloading 12 unused Assets to reduce memory usage. Loaded Objects now: 2312.
Total: 1.982100 ms (FindLiveObjects: 0.162600 ms CreateObjectMapping: 0.072100 ms MarkObjects: 1.656900 ms  DeleteObjects: 0.089800 ms)

========================================================================
Received Prepare
Registering precompiled user dll's ...
Registered in 0.000739 seconds.
Begin MonoManager ReloadAssembly
Native extension for WindowsStandalone target not found
Refreshing native plugins compatible for Editor in 0.37 ms, found 1 plugins.
Preloading 0 native plugins for Editor in 0.00 ms.
Mono: successfully reloaded assembly
- Completed reload, in  0.753 seconds
Platform modules already initialized, skipping
Refreshing native plugins compatible for Editor in 0.37 ms, found 1 plugins.
Preloading 0 native plugins for Editor in 0.00 ms.
Unloading 1835 Unused Serialized files (Serialized files now loaded: 0)
System memory in use before: 89.9 MB.
System memory in use after: 89.9 MB.

Unloading 12 unused Assets to reduce memory usage. Loaded Objects now: 2316.
Total: 2.257500 ms (FindLiveObjects: 0.195100 ms CreateObjectMapping: 0.067000 ms MarkObjects: 1.854500 ms  DeleteObjects: 0.140000 ms)

========================================================================
Received Prepare
Registering precompiled user dll's ...
Registered in 0.001078 seconds.
Begin MonoManager ReloadAssembly
Native extension for WindowsStandalone target not found
Refreshing native plugins compatible for Editor in 0.35 ms, found 1 plugins.
Preloading 0 native plugins for Editor in 0.00 ms.
Mono: successfully reloaded assembly
- Completed reload, in  0.749 seconds
Platform modules already initialized, skipping
Refreshing native plugins compatible for Editor in 0.35 ms, found 1 plugins.
Preloading 0 native plugins for Editor in 0.00 ms.
Unloading 1835 Unused Serialized files (Serialized files now loaded: 0)
System memory in use before: 89.9 MB.
System memory in use after: 89.9 MB.

Unloading 12 unused Assets to reduce memory usage. Loaded Objects now: 2320.
Total: 1.946300 ms (FindLiveObjects: 0.174500 ms CreateObjectMapping: 0.050900 ms MarkObjects: 1.628900 ms  DeleteObjects: 0.091100 ms)

========================================================================
Received Import Request.
  Time since last request: 180.209742 seconds.
  path: Assets/Textures/Ships/Enemies
  artifactKey: Guid(25884f134acce2649bea1a10668fdd2a) Importer(815301076,1909f56bfc062723c751e8b465ee728b)
Start importing Assets/Textures/Ships/Enemies using Guid(25884f134acce2649bea1a10668fdd2a) Importer(815301076,1909f56bfc062723c751e8b465ee728b)  -> (artifact id: 'c3b020ba5593f05109962d1d5c4dbaa7') in 0.004172 seconds
  Import took 0.007057 seconds .

========================================================================
Received Import Request.
  Time since last request: 16.086415 seconds.
  path: Assets/Textures/Ships/Enemies/enemyBlack2.png
  artifactKey: Guid(d8a6a3d2f444a414a8851ff027e0be16) Importer(815301076,1909f56bfc062723c751e8b465ee728b)
Start importing Assets/Textures/Ships/Enemies/enemyBlack2.png using Guid(d8a6a3d2f444a414a8851ff027e0be16) Importer(815301076,1909f56bfc062723c751e8b465ee728b)  -> (artifact id: 'a9511ead091decc16ebe8abde5c7bf03') in 0.082990 seconds
  Import took 0.085967 seconds .

========================================================================
Received Import Request.
  Time since last request: 0.864629 seconds.
  path: Assets/Textures/Ships/Enemies/enemyBlack1.png
  artifactKey: Guid(fc2c8407832322e458d8c39398fbc66b) Importer(815301076,1909f56bfc062723c751e8b465ee728b)
Start importing Assets/Textures/Ships/Enemies/enemyBlack1.png using Guid(fc2c8407832322e458d8c39398fbc66b) Importer(815301076,1909f56bfc062723c751e8b465ee728b)  -> (artifact id: 'e34e1129e24b81a871d1b95a3e65e8de') in 0.010307 seconds
  Import took 0.013166 seconds .

========================================================================
Received Import Request.
  Time since last request: 0.001202 seconds.
  path: Assets/Textures/Ships/Enemies/enemyBlack1.png
  artifactKey: Guid(fc2c8407832322e458d8c39398fbc66b) Importer(815301076,1909f56bfc062723c751e8b465ee728b)
Start importing Assets/Textures/Ships/Enemies/enemyBlack1.png using Guid(fc2c8407832322e458d8c39398fbc66b) Importer(815301076,1909f56bfc062723c751e8b465ee728b)  -> (artifact id: 'e34e1129e24b81a871d1b95a3e65e8de') in 0.009855 seconds
  Import took 0.013664 seconds .

========================================================================
Received Import Request.
  Time since last request: 1.460967 seconds.
  path: Assets/Textures/Ships/Enemies/enemyBlack3.png
  artifactKey: Guid(d9623234be228fb43a4af74f820ee021) Importer(815301076,1909f56bfc062723c751e8b465ee728b)
Start importing Assets/Textures/Ships/Enemies/enemyBlack3.png using Guid(d9623234be228fb43a4af74f820ee021) Importer(815301076,1909f56bfc062723c751e8b465ee728b)  -> (artifact id: '91c87d9e186f032874abd100f01e0b19') in 0.009851 seconds
  Import took 0.012793 seconds .

========================================================================
Received Import Request.
  Time since last request: 0.001010 seconds.
  path: Assets/Textures/Ships/Enemies/enemyBlack3.png
  artifactKey: Guid(d9623234be228fb43a4af74f820ee021) Importer(815301076,1909f56bfc062723c751e8b465ee728b)
Start importing Assets/Textures/Ships/Enemies/enemyBlack3.png using Guid(d9623234be228fb43a4af74f820ee021) Importer(815301076,1909f56bfc062723c751e8b465ee728b)  -> (artifact id: '91c87d9e186f032874abd100f01e0b19') in 0.018487 seconds
  Import took 0.022106 seconds .

========================================================================
Received Import Request.
  Time since last request: 1.511514 seconds.
  path: Assets/Textures/Ships/Enemies/enemyBlack4.png
  artifactKey: Guid(8e42dd1571eab7f4486d5b23299fbdd8) Importer(815301076,1909f56bfc062723c751e8b465ee728b)
Start importing Assets/Textures/Ships/Enemies/enemyBlack4.png using Guid(8e42dd1571eab7f4486d5b23299fbdd8) Importer(815301076,1909f56bfc062723c751e8b465ee728b)  -> (artifact id: '390815c2c91396c75b53f29dcb3b76c9') in 0.007660 seconds
  Import took 0.010668 seconds .

========================================================================
Received Import Request.
  Time since last request: 1.991804 seconds.
  path: Assets/Textures/Ships/Enemies/enemyBlack5.png
  artifactKey: Guid(c61353b62b6b5b34ca932902e5664feb) Importer(815301076,1909f56bfc062723c751e8b465ee728b)
Start importing Assets/Textures/Ships/Enemies/enemyBlack5.png using Guid(c61353b62b6b5b34ca932902e5664feb) Importer(815301076,1909f56bfc062723c751e8b465ee728b)  -> (artifact id: '44f2578b97af3cd310c30aefa8fac70a') in 0.008639 seconds
  Import took 0.011810 seconds .

========================================================================
Received Prepare
Registering precompiled user dll's ...
Registered in 0.000895 seconds.
Begin MonoManager ReloadAssembly
Native extension for WindowsStandalone target not found
Refreshing native plugins compatible for Editor in 0.35 ms, found 1 plugins.
Preloading 0 native plugins for Editor in 0.00 ms.
Mono: successfully reloaded assembly
- Completed reload, in  0.760 seconds
Platform modules already initialized, skipping
Refreshing native plugins compatible for Editor in 0.38 ms, found 1 plugins.
Preloading 0 native plugins for Editor in 0.00 ms.
Unloading 1835 Unused Serialized files (Serialized files now loaded: 0)
System memory in use before: 90.0 MB.
System memory in use after: 90.0 MB.

Unloading 12 unused Assets to reduce memory usage. Loaded Objects now: 2336.
Total: 1.798500 ms (FindLiveObjects: 0.149800 ms CreateObjectMapping: 0.057500 ms MarkObjects: 1.495100 ms  DeleteObjects: 0.095200 ms)

========================================================================
Received Import Request.
  Time since last request: 443.391896 seconds.
  path: Assets/Scripts/Enemy/EnemyAttack.cs
  artifactKey: Guid(acfd632d113ac4b47abc89b8ff9cca51) Importer(815301076,1909f56bfc062723c751e8b465ee728b)
Start importing Assets/Scripts/Enemy/EnemyAttack.cs using Guid(acfd632d113ac4b47abc89b8ff9cca51) Importer(815301076,1909f56bfc062723c751e8b465ee728b)  -> (artifact id: '85b58c7f96481c8c9c95be40250bd622') in 0.006357 seconds
  Import took 0.009627 seconds .

========================================================================
Received Prepare
Registering precompiled user dll's ...
Registered in 0.000827 seconds.
Begin MonoManager ReloadAssembly
Native extension for WindowsStandalone target not found
Refreshing native plugins compatible for Editor in 0.35 ms, found 1 plugins.
Preloading 0 native plugins for Editor in 0.00 ms.
Mono: successfully reloaded assembly
- Completed reload, in  0.761 seconds
Platform modules already initialized, skipping
Refreshing native plugins compatible for Editor in 0.37 ms, found 1 plugins.
Preloading 0 native plugins for Editor in 0.00 ms.
Unloading 1836 Unused Serialized files (Serialized files now loaded: 0)
System memory in use before: 90.0 MB.
System memory in use after: 90.0 MB.

Unloading 12 unused Assets to reduce memory usage. Loaded Objects now: 2341.
Total: 1.984700 ms (FindLiveObjects: 0.147300 ms CreateObjectMapping: 0.053000 ms MarkObjects: 1.689000 ms  DeleteObjects: 0.094100 ms)

========================================================================
Received Prepare
Registering precompiled user dll's ...
Registered in 0.001395 seconds.
Begin MonoManager ReloadAssembly
Native extension for WindowsStandalone target not found
Refreshing native plugins compatible for Editor in 0.35 ms, found 1 plugins.
Preloading 0 native plugins for Editor in 0.00 ms.
Mono: successfully reloaded assembly
- Completed reload, in  0.764 seconds
Platform modules already initialized, skipping
Refreshing native plugins compatible for Editor in 0.35 ms, found 1 plugins.
Preloading 0 native plugins for Editor in 0.00 ms.
Unloading 1836 Unused Serialized files (Serialized files now loaded: 0)
System memory in use before: 90.0 MB.
System memory in use after: 90.0 MB.

Unloading 12 unused Assets to reduce memory usage. Loaded Objects now: 2345.
Total: 1.951700 ms (FindLiveObjects: 0.157300 ms CreateObjectMapping: 0.057700 ms MarkObjects: 1.639800 ms  DeleteObjects: 0.095600 ms)

========================================================================
Received Import Request.
  Time since last request: 350.966434 seconds.
  path: Assets/Scripts/Enemy/ShootController.cs
  artifactKey: Guid(63aedde7f05523545aa4201c17614264) Importer(815301076,1909f56bfc062723c751e8b465ee728b)
Start importing Assets/Scripts/Enemy/ShootController.cs using Guid(63aedde7f05523545aa4201c17614264) Importer(815301076,1909f56bfc062723c751e8b465ee728b)  -> (artifact id: 'e3159e7d7bc2077cf150a08838104008') in 0.004804 seconds
  Import took 0.008557 seconds .

========================================================================
Received Prepare
Registering precompiled user dll's ...
Registered in 0.000731 seconds.
Begin MonoManager ReloadAssembly
Native extension for WindowsStandalone target not found
Refreshing native plugins compatible for Editor in 0.36 ms, found 1 plugins.
Preloading 0 native plugins for Editor in 0.00 ms.
Mono: successfully reloaded assembly
- Completed reload, in  0.921 seconds
Platform modules already initialized, skipping
Refreshing native plugins compatible for Editor in 0.41 ms, found 1 plugins.
Preloading 0 native plugins for Editor in 0.00 ms.
Unloading 1837 Unused Serialized files (Serialized files now loaded: 0)
System memory in use before: 90.1 MB.
System memory in use after: 90.0 MB.

Unloading 12 unused Assets to reduce memory usage. Loaded Objects now: 2350.
Total: 2.217300 ms (FindLiveObjects: 0.169400 ms CreateObjectMapping: 0.097600 ms MarkObjects: 1.846400 ms  DeleteObjects: 0.103000 ms)

========================================================================
Received Prepare
Registering precompiled user dll's ...
Registered in 0.001111 seconds.
Begin MonoManager ReloadAssembly
Native extension for WindowsStandalone target not found
Refreshing native plugins compatible for Editor in 0.35 ms, found 1 plugins.
Preloading 0 native plugins for Editor in 0.00 ms.
Mono: successfully reloaded assembly
- Completed reload, in  0.776 seconds
Platform modules already initialized, skipping
Refreshing native plugins compatible for Editor in 0.38 ms, found 1 plugins.
Preloading 0 native plugins for Editor in 0.00 ms.
Unloading 1837 Unused Serialized files (Serialized files now loaded: 0)
System memory in use before: 90.1 MB.
System memory in use after: 90.0 MB.

Unloading 12 unused Assets to reduce memory usage. Loaded Objects now: 2354.
Total: 2.115000 ms (FindLiveObjects: 0.167600 ms CreateObjectMapping: 0.050300 ms MarkObjects: 1.801100 ms  DeleteObjects: 0.095200 ms)

========================================================================
Received Import Request.
  Time since last request: 93.643898 seconds.
  path: Assets/Scripts/Enemy/PlayerShoot.cs
  artifactKey: Guid(5e8d99b731abe574ba55261c2e5349e9) Importer(815301076,1909f56bfc062723c751e8b465ee728b)
Start importing Assets/Scripts/Enemy/PlayerShoot.cs using Guid(5e8d99b731abe574ba55261c2e5349e9) Importer(815301076,1909f56bfc062723c751e8b465ee728b)  -> (artifact id: '2f908c3cae62431a4220a28373808c65') in 0.004163 seconds
  Import took 0.007895 seconds .

========================================================================
Received Prepare
Registering precompiled user dll's ...
Registered in 0.000679 seconds.
Begin MonoManager ReloadAssembly
Native extension for WindowsStandalone target not found
Refreshing native plugins compatible for Editor in 0.36 ms, found 1 plugins.
Preloading 0 native plugins for Editor in 0.00 ms.
Mono: successfully reloaded assembly
- Completed reload, in  0.788 seconds
Platform modules already initialized, skipping
Refreshing native plugins compatible for Editor in 0.41 ms, found 1 plugins.
Preloading 0 native plugins for Editor in 0.00 ms.
Unloading 1838 Unused Serialized files (Serialized files now loaded: 0)
System memory in use before: 90.1 MB.
System memory in use after: 90.1 MB.

Unloading 12 unused Assets to reduce memory usage. Loaded Objects now: 2359.
Total: 2.089900 ms (FindLiveObjects: 0.169600 ms CreateObjectMapping: 0.058000 ms MarkObjects: 1.756100 ms  DeleteObjects: 0.105200 ms)

========================================================================
Received Import Request.
  Time since last request: 418.754129 seconds.
  path: Assets/Scripts/Enemy/PlayerShoot.cs
  artifactKey: Guid(5e8d99b731abe574ba55261c2e5349e9) Importer(815301076,1909f56bfc062723c751e8b465ee728b)
Start importing Assets/Scripts/Enemy/PlayerShoot.cs using Guid(5e8d99b731abe574ba55261c2e5349e9) Importer(815301076,1909f56bfc062723c751e8b465ee728b)  -> (artifact id: '6065068980ac592a4983ed9396fda244') in 0.004355 seconds
  Import took 0.009846 seconds .

========================================================================
Received Import Request.
  Time since last request: 2.844483 seconds.
  path: Assets/Scripts/Enemy/ShootController.cs
  artifactKey: Guid(63aedde7f05523545aa4201c17614264) Importer(815301076,1909f56bfc062723c751e8b465ee728b)
Start importing Assets/Scripts/Enemy/ShootController.cs using Guid(63aedde7f05523545aa4201c17614264) Importer(815301076,1909f56bfc062723c751e8b465ee728b)  -> (artifact id: '990dafafcbafb64d7d0c86b5f35a855d') in 0.001094 seconds
  Import took 0.003731 seconds .

========================================================================
Received Prepare
Registering precompiled user dll's ...
Registered in 0.000767 seconds.
Begin MonoManager ReloadAssembly
Native extension for WindowsStandalone target not found
Refreshing native plugins compatible for Editor in 0.35 ms, found 1 plugins.
Preloading 0 native plugins for Editor in 0.00 ms.
Mono: successfully reloaded assembly
- Completed reload, in  0.928 seconds
Platform modules already initialized, skipping
Refreshing native plugins compatible for Editor in 0.35 ms, found 1 plugins.
Preloading 0 native plugins for Editor in 0.00 ms.
Unloading 1836 Unused Serialized files (Serialized files now loaded: 0)
System memory in use before: 90.1 MB.
System memory in use after: 90.0 MB.

Unloading 14 unused Assets to reduce memory usage. Loaded Objects now: 2361.
Total: 2.034900 ms (FindLiveObjects: 0.293100 ms CreateObjectMapping: 0.093900 ms MarkObjects: 1.538000 ms  DeleteObjects: 0.108900 ms)

========================================================================
Received Prepare
Registering precompiled user dll's ...
Registered in 0.001203 seconds.
Begin MonoManager ReloadAssembly
Native extension for WindowsStandalone target not found
Refreshing native plugins compatible for Editor in 0.36 ms, found 1 plugins.
Preloading 0 native plugins for Editor in 0.00 ms.
Mono: successfully reloaded assembly
- Completed reload, in  0.767 seconds
Platform modules already initialized, skipping
Refreshing native plugins compatible for Editor in 0.35 ms, found 1 plugins.
Preloading 0 native plugins for Editor in 0.00 ms.
Unloading 1836 Unused Serialized files (Serialized files now loaded: 0)
System memory in use before: 90.1 MB.
System memory in use after: 90.0 MB.

Unloading 12 unused Assets to reduce memory usage. Loaded Objects now: 2365.
Total: 2.189400 ms (FindLiveObjects: 0.224200 ms CreateObjectMapping: 0.055600 ms MarkObjects: 1.815100 ms  DeleteObjects: 0.093700 ms)

========================================================================
Received Import Request.
  Time since last request: 129.789741 seconds.
  path: Assets/Scripts/Enemy/EnemyAttack.cs
  artifactKey: Guid(acfd632d113ac4b47abc89b8ff9cca51) Importer(815301076,1909f56bfc062723c751e8b465ee728b)
Start importing Assets/Scripts/Enemy/EnemyAttack.cs using Guid(acfd632d113ac4b47abc89b8ff9cca51) Importer(815301076,1909f56bfc062723c751e8b465ee728b)  -> (artifact id: 'ae37cc37bd3dc5ef414c4a7367f5ff76') in 0.003111 seconds
  Import took 0.005690 seconds .

========================================================================
Received Import Request.
  Time since last request: 2.652744 seconds.
  path: Assets/Scripts/Enemy/ShootAttack.cs
  artifactKey: Guid(acfd632d113ac4b47abc89b8ff9cca51) Importer(815301076,1909f56bfc062723c751e8b465ee728b)
Start importing Assets/Scripts/Enemy/ShootAttack.cs using Guid(acfd632d113ac4b47abc89b8ff9cca51) Importer(815301076,1909f56bfc062723c751e8b465ee728b)  -> (artifact id: '653ed95a1ff8112b01fa5d36470ddb27') in 0.001078 seconds
  Import took 0.161978 seconds .

========================================================================
Received Prepare
Registering precompiled user dll's ...
Registered in 0.000693 seconds.
Begin MonoManager ReloadAssembly
Native extension for WindowsStandalone target not found
Refreshing native plugins compatible for Editor in 0.37 ms, found 1 plugins.
Preloading 0 native plugins for Editor in 0.00 ms.
Mono: successfully reloaded assembly
- Completed reload, in  0.829 seconds
Platform modules already initialized, skipping
Refreshing native plugins compatible for Editor in 0.46 ms, found 1 plugins.
Preloading 0 native plugins for Editor in 0.00 ms.
Unloading 1836 Unused Serialized files (Serialized files now loaded: 0)
System memory in use before: 90.1 MB.
System memory in use after: 90.1 MB.

Unloading 12 unused Assets to reduce memory usage. Loaded Objects now: 2369.
Total: 2.126900 ms (FindLiveObjects: 0.201100 ms CreateObjectMapping: 0.055500 ms MarkObjects: 1.755100 ms  DeleteObjects: 0.114300 ms)

========================================================================
Received Import Request.
  Time since last request: 130.734540 seconds.
  path: Assets/Scripts/Enemy/ShootAttack.cs
  artifactKey: Guid(acfd632d113ac4b47abc89b8ff9cca51) Importer(815301076,1909f56bfc062723c751e8b465ee728b)
Start importing Assets/Scripts/Enemy/ShootAttack.cs using Guid(acfd632d113ac4b47abc89b8ff9cca51) Importer(815301076,1909f56bfc062723c751e8b465ee728b)  -> (artifact id: '5c7d6777b22c79be7765983cbbf5d7e5') in 0.006180 seconds
  Import took 0.009976 seconds .

========================================================================
Received Import Request.
  Time since last request: 1.298308 seconds.
  path: Assets/Scripts/Managers/ScoreManager.cs
  artifactKey: Guid(ded00dd68f831d745bc8107838ab4595) Importer(815301076,1909f56bfc062723c751e8b465ee728b)
Start importing Assets/Scripts/Managers/ScoreManager.cs using Guid(ded00dd68f831d745bc8107838ab4595) Importer(815301076,1909f56bfc062723c751e8b465ee728b)  -> (artifact id: 'd3d3607cb2b601661f7c62cf48cb5903') in 0.001125 seconds
  Import took 0.004189 seconds .

========================================================================
Received Import Request.
  Time since last request: 0.025261 seconds.
  path: Assets/Scripts/Managers/ScoreManager.cs
  artifactKey: Guid(ded00dd68f831d745bc8107838ab4595) Importer(815301076,1909f56bfc062723c751e8b465ee728b)
Start importing Assets/Scripts/Managers/ScoreManager.cs using Guid(ded00dd68f831d745bc8107838ab4595) Importer(815301076,1909f56bfc062723c751e8b465ee728b)  -> (artifact id: 'd3d3607cb2b601661f7c62cf48cb5903') in 0.001244 seconds
  Import took 0.003977 seconds .

========================================================================
Received Import Request.
  Time since last request: 0.852367 seconds.
  path: Assets/Scripts/Managers/ObjectPool.cs
  artifactKey: Guid(671237389f61fe7419d1e142d66a5c20) Importer(815301076,1909f56bfc062723c751e8b465ee728b)
Start importing Assets/Scripts/Managers/ObjectPool.cs using Guid(671237389f61fe7419d1e142d66a5c20) Importer(815301076,1909f56bfc062723c751e8b465ee728b)  -> (artifact id: '0a24c1f4f32d4736953b21a0d5394a3b') in 0.026232 seconds
  Import took 0.029128 seconds .

========================================================================
Received Prepare
Registering precompiled user dll's ...
Registered in 0.000794 seconds.
Begin MonoManager ReloadAssembly
Native extension for WindowsStandalone target not found
Refreshing native plugins compatible for Editor in 0.47 ms, found 1 plugins.
Preloading 0 native plugins for Editor in 0.00 ms.
Mono: successfully reloaded assembly
- Completed reload, in  0.774 seconds
Platform modules already initialized, skipping
Refreshing native plugins compatible for Editor in 0.35 ms, found 1 plugins.
Preloading 0 native plugins for Editor in 0.00 ms.
Unloading 1836 Unused Serialized files (Serialized files now loaded: 0)
System memory in use before: 90.1 MB.
System memory in use after: 90.1 MB.

Unloading 12 unused Assets to reduce memory usage. Loaded Objects now: 2373.
Total: 2.325000 ms (FindLiveObjects: 0.198100 ms CreateObjectMapping: 0.060700 ms MarkObjects: 1.897700 ms  DeleteObjects: 0.167500 ms)

========================================================================
Received Import Request.
  Time since last request: 152.850297 seconds.
  path: Assets/Scripts/ScriptableObjects/Player/Player_0.asset
  artifactKey: Guid(502fc9d17da1f5b46962a91dca3e5bb2) Importer(815301076,1909f56bfc062723c751e8b465ee728b)
Start importing Assets/Scripts/ScriptableObjects/Player/Player_0.asset using Guid(502fc9d17da1f5b46962a91dca3e5bb2) Importer(815301076,1909f56bfc062723c751e8b465ee728b)  -> (artifact id: '82a59c27c3492d74153694c0b78561f7') in 0.026151 seconds
  Import took 0.029109 seconds .

========================================================================
Received Import Request.
  Time since last request: 59.648766 seconds.
  path: Assets/Scripts/ScriptableObjects/Player/PlayerDataHandler.cs
  artifactKey: Guid(415c3f5adcf8d2d46aa41cffbca3b9a5) Importer(815301076,1909f56bfc062723c751e8b465ee728b)
Start importing Assets/Scripts/ScriptableObjects/Player/PlayerDataHandler.cs using Guid(415c3f5adcf8d2d46aa41cffbca3b9a5) Importer(815301076,1909f56bfc062723c751e8b465ee728b)  -> (artifact id: '4e432dfb4d72bd062a7188a6791fb2f5') in 0.001468 seconds
  Import took 0.005437 seconds .

========================================================================
Received Prepare
Registering precompiled user dll's ...
Registered in 0.000888 seconds.
Begin MonoManager ReloadAssembly
Native extension for WindowsStandalone target not found
Refreshing native plugins compatible for Editor in 0.38 ms, found 1 plugins.
Preloading 0 native plugins for Editor in 0.00 ms.
Mono: successfully reloaded assembly
- Completed reload, in  0.840 seconds
Platform modules already initialized, skipping
Refreshing native plugins compatible for Editor in 0.39 ms, found 1 plugins.
Preloading 0 native plugins for Editor in 0.00 ms.
Unloading 1837 Unused Serialized files (Serialized files now loaded: 0)
System memory in use before: 90.1 MB.
System memory in use after: 90.1 MB.

Unloading 12 unused Assets to reduce memory usage. Loaded Objects now: 2378.
Total: 2.716300 ms (FindLiveObjects: 0.211000 ms CreateObjectMapping: 0.101500 ms MarkObjects: 2.268300 ms  DeleteObjects: 0.134200 ms)

========================================================================
Received Prepare
Registering precompiled user dll's ...
Registered in 0.001356 seconds.
Begin MonoManager ReloadAssembly
Native extension for WindowsStandalone target not found
Refreshing native plugins compatible for Editor in 0.44 ms, found 1 plugins.
Preloading 0 native plugins for Editor in 0.00 ms.
Mono: successfully reloaded assembly
- Completed reload, in  0.937 seconds
Platform modules already initialized, skipping
Refreshing native plugins compatible for Editor in 0.38 ms, found 1 plugins.
Preloading 0 native plugins for Editor in 0.00 ms.
Unloading 1837 Unused Serialized files (Serialized files now loaded: 0)
System memory in use before: 90.1 MB.
System memory in use after: 90.1 MB.

Unloading 12 unused Assets to reduce memory usage. Loaded Objects now: 2382.
Total: 1.953100 ms (FindLiveObjects: 0.199100 ms CreateObjectMapping: 0.055200 ms MarkObjects: 1.603200 ms  DeleteObjects: 0.094700 ms)

========================================================================
Received Prepare
Registering precompiled user dll's ...
Registered in 0.000973 seconds.
Begin MonoManager ReloadAssembly
Native extension for WindowsStandalone target not found
Refreshing native plugins compatible for Editor in 0.35 ms, found 1 plugins.
Preloading 0 native plugins for Editor in 0.00 ms.
Mono: successfully reloaded assembly
- Completed reload, in  0.778 seconds
Platform modules already initialized, skipping
Refreshing native plugins compatible for Editor in 0.35 ms, found 1 plugins.
Preloading 0 native plugins for Editor in 0.00 ms.
Unloading 1837 Unused Serialized files (Serialized files now loaded: 0)
System memory in use before: 90.2 MB.
System memory in use after: 90.1 MB.

Unloading 12 unused Assets to reduce memory usage. Loaded Objects now: 2386.
Total: 2.001800 ms (FindLiveObjects: 0.212600 ms CreateObjectMapping: 0.074400 ms MarkObjects: 1.613600 ms  DeleteObjects: 0.100100 ms)

========================================================================
Received Prepare
Registering precompiled user dll's ...
Registered in 0.000919 seconds.
Begin MonoManager ReloadAssembly
Native extension for WindowsStandalone target not found
Refreshing native plugins compatible for Editor in 0.34 ms, found 1 plugins.
Preloading 0 native plugins for Editor in 0.00 ms.
Mono: successfully reloaded assembly
- Completed reload, in  0.768 seconds
Platform modules already initialized, skipping
Refreshing native plugins compatible for Editor in 0.38 ms, found 1 plugins.
Preloading 0 native plugins for Editor in 0.00 ms.
Unloading 1837 Unused Serialized files (Serialized files now loaded: 0)
System memory in use before: 90.2 MB.
System memory in use after: 90.1 MB.

Unloading 12 unused Assets to reduce memory usage. Loaded Objects now: 2390.
Total: 1.884200 ms (FindLiveObjects: 0.192900 ms CreateObjectMapping: 0.059000 ms MarkObjects: 1.532600 ms  DeleteObjects: 0.098600 ms)

========================================================================
Received Prepare
Registering precompiled user dll's ...
Registered in 0.000749 seconds.
Begin MonoManager ReloadAssembly
Native extension for WindowsStandalone target not found
Refreshing native plugins compatible for Editor in 0.34 ms, found 1 plugins.
Preloading 0 native plugins for Editor in 0.00 ms.
Mono: successfully reloaded assembly
- Completed reload, in  0.758 seconds
Platform modules already initialized, skipping
Refreshing native plugins compatible for Editor in 0.35 ms, found 1 plugins.
Preloading 0 native plugins for Editor in 0.00 ms.
Unloading 1837 Unused Serialized files (Serialized files now loaded: 0)
System memory in use before: 90.2 MB.
System memory in use after: 90.2 MB.

Unloading 12 unused Assets to reduce memory usage. Loaded Objects now: 2394.
Total: 1.826800 ms (FindLiveObjects: 0.156400 ms CreateObjectMapping: 0.057600 ms MarkObjects: 1.519100 ms  DeleteObjects: 0.092800 ms)

========================================================================
Received Prepare
Registering precompiled user dll's ...
Registered in 0.000758 seconds.
Begin MonoManager ReloadAssembly
Native extension for WindowsStandalone target not found
Refreshing native plugins compatible for Editor in 0.35 ms, found 1 plugins.
Preloading 0 native plugins for Editor in 0.00 ms.
Mono: successfully reloaded assembly
- Completed reload, in  0.757 seconds
Platform modules already initialized, skipping
Refreshing native plugins compatible for Editor in 0.37 ms, found 1 plugins.
Preloading 0 native plugins for Editor in 0.00 ms.
Unloading 1837 Unused Serialized files (Serialized files now loaded: 0)
System memory in use before: 90.2 MB.
System memory in use after: 90.2 MB.

Unloading 12 unused Assets to reduce memory usage. Loaded Objects now: 2398.
Total: 1.937600 ms (FindLiveObjects: 0.148100 ms CreateObjectMapping: 0.051700 ms MarkObjects: 1.646600 ms  DeleteObjects: 0.090500 ms)

========================================================================
Received Prepare
Registering precompiled user dll's ...
Registered in 0.000721 seconds.
Begin MonoManager ReloadAssembly
Native extension for WindowsStandalone target not found
Refreshing native plugins compatible for Editor in 0.36 ms, found 1 plugins.
Preloading 0 native plugins for Editor in 0.00 ms.
Mono: successfully reloaded assembly
- Completed reload, in  0.773 seconds
Platform modules already initialized, skipping
Refreshing native plugins compatible for Editor in 0.35 ms, found 1 plugins.
Preloading 0 native plugins for Editor in 0.00 ms.
Unloading 1837 Unused Serialized files (Serialized files now loaded: 0)
System memory in use before: 90.2 MB.
System memory in use after: 90.2 MB.

Unloading 12 unused Assets to reduce memory usage. Loaded Objects now: 2402.
Total: 2.024800 ms (FindLiveObjects: 0.176900 ms CreateObjectMapping: 0.053900 ms MarkObjects: 1.698100 ms  DeleteObjects: 0.095000 ms)

========================================================================
Received Prepare
Registering precompiled user dll's ...
Registered in 0.000755 seconds.
Begin MonoManager ReloadAssembly
Native extension for WindowsStandalone target not found
Refreshing native plugins compatible for Editor in 0.39 ms, found 1 plugins.
Preloading 0 native plugins for Editor in 0.00 ms.
Mono: successfully reloaded assembly
- Completed reload, in  0.773 seconds
Platform modules already initialized, skipping
Refreshing native plugins compatible for Editor in 0.35 ms, found 1 plugins.
Preloading 0 native plugins for Editor in 0.00 ms.
Unloading 1837 Unused Serialized files (Serialized files now loaded: 0)
System memory in use before: 90.2 MB.
System memory in use after: 90.2 MB.

Unloading 12 unused Assets to reduce memory usage. Loaded Objects now: 2406.
Total: 2.073300 ms (FindLiveObjects: 0.169900 ms CreateObjectMapping: 0.057800 ms MarkObjects: 1.742000 ms  DeleteObjects: 0.102600 ms)

========================================================================
Received Prepare
Registering precompiled user dll's ...
Registered in 0.000748 seconds.
Begin MonoManager ReloadAssembly
Native extension for WindowsStandalone target not found
Refreshing native plugins compatible for Editor in 0.36 ms, found 1 plugins.
Preloading 0 native plugins for Editor in 0.00 ms.
Mono: successfully reloaded assembly
- Completed reload, in  0.753 seconds
Platform modules already initialized, skipping
Refreshing native plugins compatible for Editor in 0.36 ms, found 1 plugins.
Preloading 0 native plugins for Editor in 0.00 ms.
Unloading 1837 Unused Serialized files (Serialized files now loaded: 0)
System memory in use before: 90.2 MB.
System memory in use after: 90.2 MB.

Unloading 12 unused Assets to reduce memory usage. Loaded Objects now: 2410.
Total: 1.977400 ms (FindLiveObjects: 0.162400 ms CreateObjectMapping: 0.056000 ms MarkObjects: 1.657600 ms  DeleteObjects: 0.100400 ms)

========================================================================
Received Prepare
Registering precompiled user dll's ...
Registered in 0.000841 seconds.
Begin MonoManager ReloadAssembly
Native extension for WindowsStandalone target not found
Refreshing native plugins compatible for Editor in 0.35 ms, found 1 plugins.
Preloading 0 native plugins for Editor in 0.00 ms.
Mono: successfully reloaded assembly
- Completed reload, in  0.745 seconds
Platform modules already initialized, skipping
Refreshing native plugins compatible for Editor in 0.36 ms, found 1 plugins.
Preloading 0 native plugins for Editor in 0.00 ms.
Unloading 1837 Unused Serialized files (Serialized files now loaded: 0)
System memory in use before: 90.2 MB.
System memory in use after: 90.2 MB.

Unloading 12 unused Assets to reduce memory usage. Loaded Objects now: 2414.
Total: 2.004000 ms (FindLiveObjects: 0.179100 ms CreateObjectMapping: 0.053700 ms MarkObjects: 1.680700 ms  DeleteObjects: 0.089400 ms)

========================================================================
Received Import Request.
  Time since last request: 590.310329 seconds.
  path: Assets/Scripts/ScriptableObjects/Player/Player_0.asset
  artifactKey: Guid(502fc9d17da1f5b46962a91dca3e5bb2) Importer(815301076,1909f56bfc062723c751e8b465ee728b)
Start importing Assets/Scripts/ScriptableObjects/Player/Player_0.asset using Guid(502fc9d17da1f5b46962a91dca3e5bb2) Importer(815301076,1909f56bfc062723c751e8b465ee728b)  -> (artifact id: '2a03a77e1f17c2501c110351a7f63d95') in 0.018779 seconds
  Import took 0.021354 seconds .

========================================================================
Received Prepare
Registering precompiled user dll's ...
Registered in 0.000776 seconds.
Begin MonoManager ReloadAssembly
Native extension for WindowsStandalone target not found
Refreshing native plugins compatible for Editor in 0.88 ms, found 1 plugins.
Preloading 0 native plugins for Editor in 0.00 ms.
Mono: successfully reloaded assembly
- Completed reload, in  0.862 seconds
Platform modules already initialized, skipping
Refreshing native plugins compatible for Editor in 0.39 ms, found 1 plugins.
Preloading 0 native plugins for Editor in 0.00 ms.
Unloading 1837 Unused Serialized files (Serialized files now loaded: 0)
System memory in use before: 90.2 MB.
System memory in use after: 90.2 MB.

Unloading 12 unused Assets to reduce memory usage. Loaded Objects now: 2418.
Total: 2.471100 ms (FindLiveObjects: 0.225300 ms CreateObjectMapping: 0.055400 ms MarkObjects: 2.000600 ms  DeleteObjects: 0.188700 ms)

========================================================================
Received Prepare
Registering precompiled user dll's ...
Registered in 0.000972 seconds.
Begin MonoManager ReloadAssembly
Native extension for WindowsStandalone target not found
Refreshing native plugins compatible for Editor in 0.37 ms, found 1 plugins.
Preloading 0 native plugins for Editor in 0.00 ms.
Mono: successfully reloaded assembly
- Completed reload, in  0.744 seconds
Platform modules already initialized, skipping
Refreshing native plugins compatible for Editor in 0.35 ms, found 1 plugins.
Preloading 0 native plugins for Editor in 0.00 ms.
Unloading 1837 Unused Serialized files (Serialized files now loaded: 0)
System memory in use before: 90.2 MB.
System memory in use after: 90.2 MB.

Unloading 12 unused Assets to reduce memory usage. Loaded Objects now: 2422.
Total: 2.290500 ms (FindLiveObjects: 0.215500 ms CreateObjectMapping: 0.120000 ms MarkObjects: 1.841300 ms  DeleteObjects: 0.113000 ms)

========================================================================
Received Prepare
Registering precompiled user dll's ...
Registered in 0.001170 seconds.
Begin MonoManager ReloadAssembly
Native extension for WindowsStandalone target not found
Refreshing native plugins compatible for Editor in 0.38 ms, found 1 plugins.
Preloading 0 native plugins for Editor in 0.00 ms.
Mono: successfully reloaded assembly
- Completed reload, in  0.771 seconds
Platform modules already initialized, skipping
Refreshing native plugins compatible for Editor in 0.35 ms, found 1 plugins.
Preloading 0 native plugins for Editor in 0.00 ms.
Unloading 1837 Unused Serialized files (Serialized files now loaded: 0)
System memory in use before: 90.2 MB.
System memory in use after: 90.2 MB.

Unloading 12 unused Assets to reduce memory usage. Loaded Objects now: 2426.
Total: 2.042900 ms (FindLiveObjects: 0.173200 ms CreateObjectMapping: 0.051500 ms MarkObjects: 1.722300 ms  DeleteObjects: 0.094700 ms)

========================================================================
Received Prepare
Registering precompiled user dll's ...
Registered in 0.002117 seconds.
Begin MonoManager ReloadAssembly
Native extension for WindowsStandalone target not found
Refreshing native plugins compatible for Editor in 0.35 ms, found 1 plugins.
Preloading 0 native plugins for Editor in 0.00 ms.
Mono: successfully reloaded assembly
- Completed reload, in  0.755 seconds
Platform modules already initialized, skipping
Refreshing native plugins compatible for Editor in 0.36 ms, found 1 plugins.
Preloading 0 native plugins for Editor in 0.00 ms.
Unloading 1837 Unused Serialized files (Serialized files now loaded: 0)
System memory in use before: 90.3 MB.
System memory in use after: 90.2 MB.

Unloading 12 unused Assets to reduce memory usage. Loaded Objects now: 2430.
Total: 1.806100 ms (FindLiveObjects: 0.155400 ms CreateObjectMapping: 0.054000 ms MarkObjects: 1.503700 ms  DeleteObjects: 0.092200 ms)

========================================================================
Received Prepare
Registering precompiled user dll's ...
Registered in 0.000859 seconds.
Begin MonoManager ReloadAssembly
Native extension for WindowsStandalone target not found
Refreshing native plugins compatible for Editor in 0.43 ms, found 1 plugins.
Preloading 0 native plugins for Editor in 0.00 ms.
Mono: successfully reloaded assembly
- Completed reload, in  0.744 seconds
Platform modules already initialized, skipping
Refreshing native plugins compatible for Editor in 0.39 ms, found 1 plugins.
Preloading 0 native plugins for Editor in 0.00 ms.
Unloading 1837 Unused Serialized files (Serialized files now loaded: 0)
System memory in use before: 90.3 MB.
System memory in use after: 90.2 MB.

Unloading 12 unused Assets to reduce memory usage. Loaded Objects now: 2434.
Total: 1.904200 ms (FindLiveObjects: 0.184600 ms CreateObjectMapping: 0.061500 ms MarkObjects: 1.556700 ms  DeleteObjects: 0.100400 ms)

========================================================================
Received Prepare
Registering precompiled user dll's ...
Registered in 0.001229 seconds.
Begin MonoManager ReloadAssembly
Native extension for WindowsStandalone target not found
Refreshing native plugins compatible for Editor in 0.35 ms, found 1 plugins.
Preloading 0 native plugins for Editor in 0.00 ms.
Mono: successfully reloaded assembly
- Completed reload, in  0.766 seconds
Platform modules already initialized, skipping
Refreshing native plugins compatible for Editor in 0.36 ms, found 1 plugins.
Preloading 0 native plugins for Editor in 0.00 ms.
Unloading 1837 Unused Serialized files (Serialized files now loaded: 0)
System memory in use before: 90.3 MB.
System memory in use after: 90.2 MB.

Unloading 12 unused Assets to reduce memory usage. Loaded Objects now: 2438.
Total: 2.024100 ms (FindLiveObjects: 0.176200 ms CreateObjectMapping: 0.053700 ms MarkObjects: 1.699600 ms  DeleteObjects: 0.093800 ms)

========================================================================
Received Prepare
Registering precompiled user dll's ...
Registered in 0.000769 seconds.
Begin MonoManager ReloadAssembly
Native extension for WindowsStandalone target not found
Refreshing native plugins compatible for Editor in 0.35 ms, found 1 plugins.
Preloading 0 native plugins for Editor in 0.00 ms.
Mono: successfully reloaded assembly
- Completed reload, in  0.769 seconds
Platform modules already initialized, skipping
Refreshing native plugins compatible for Editor in 0.36 ms, found 1 plugins.
Preloading 0 native plugins for Editor in 0.00 ms.
Unloading 1837 Unused Serialized files (Serialized files now loaded: 0)
System memory in use before: 90.3 MB.
System memory in use after: 90.3 MB.

Unloading 12 unused Assets to reduce memory usage. Loaded Objects now: 2442.
Total: 1.843500 ms (FindLiveObjects: 0.152300 ms CreateObjectMapping: 0.054800 ms MarkObjects: 1.544300 ms  DeleteObjects: 0.091100 ms)

========================================================================
Received Prepare
Registering precompiled user dll's ...
Registered in 0.000875 seconds.
Begin MonoManager ReloadAssembly
Native extension for WindowsStandalone target not found
Refreshing native plugins compatible for Editor in 0.35 ms, found 1 plugins.
Preloading 0 native plugins for Editor in 0.00 ms.
Mono: successfully reloaded assembly
- Completed reload, in  0.763 seconds
Platform modules already initialized, skipping
Refreshing native plugins compatible for Editor in 0.35 ms, found 1 plugins.
Preloading 0 native plugins for Editor in 0.00 ms.
Unloading 1837 Unused Serialized files (Serialized files now loaded: 0)
System memory in use before: 90.3 MB.
System memory in use after: 90.3 MB.

Unloading 12 unused Assets to reduce memory usage. Loaded Objects now: 2446.
Total: 1.925500 ms (FindLiveObjects: 0.200500 ms CreateObjectMapping: 0.070500 ms MarkObjects: 1.561400 ms  DeleteObjects: 0.092300 ms)

========================================================================
Received Prepare
Registering precompiled user dll's ...
Registered in 0.001350 seconds.
Begin MonoManager ReloadAssembly
Native extension for WindowsStandalone target not found
Refreshing native plugins compatible for Editor in 0.37 ms, found 1 plugins.
Preloading 0 native plugins for Editor in 0.00 ms.
Mono: successfully reloaded assembly
- Completed reload, in  0.760 seconds
Platform modules already initialized, skipping
Refreshing native plugins compatible for Editor in 0.36 ms, found 1 plugins.
Preloading 0 native plugins for Editor in 0.00 ms.
Unloading 1837 Unused Serialized files (Serialized files now loaded: 0)
System memory in use before: 90.3 MB.
System memory in use after: 90.3 MB.

Unloading 12 unused Assets to reduce memory usage. Loaded Objects now: 2450.
Total: 2.022000 ms (FindLiveObjects: 0.154400 ms CreateObjectMapping: 0.054900 ms MarkObjects: 1.671300 ms  DeleteObjects: 0.140600 ms)

========================================================================
Received Prepare
Registering precompiled user dll's ...
Registered in 0.002551 seconds.
Begin MonoManager ReloadAssembly
Native extension for WindowsStandalone target not found
Refreshing native plugins compatible for Editor in 0.35 ms, found 1 plugins.
Preloading 0 native plugins for Editor in 0.00 ms.
Mono: successfully reloaded assembly
- Completed reload, in  0.736 seconds
Platform modules already initialized, skipping
Refreshing native plugins compatible for Editor in 0.35 ms, found 1 plugins.
Preloading 0 native plugins for Editor in 0.00 ms.
Unloading 1837 Unused Serialized files (Serialized files now loaded: 0)
System memory in use before: 90.3 MB.
System memory in use after: 90.3 MB.

Unloading 12 unused Assets to reduce memory usage. Loaded Objects now: 2454.
Total: 1.948600 ms (FindLiveObjects: 0.152200 ms CreateObjectMapping: 0.054200 ms MarkObjects: 1.648800 ms  DeleteObjects: 0.092600 ms)

========================================================================
Received Prepare
Registering precompiled user dll's ...
Registered in 0.000855 seconds.
Begin MonoManager ReloadAssembly
Native extension for WindowsStandalone target not found
Refreshing native plugins compatible for Editor in 0.36 ms, found 1 plugins.
Preloading 0 native plugins for Editor in 0.00 ms.
Mono: successfully reloaded assembly
- Completed reload, in  0.766 seconds
Platform modules already initialized, skipping
Refreshing native plugins compatible for Editor in 0.35 ms, found 1 plugins.
Preloading 0 native plugins for Editor in 0.00 ms.
Unloading 1837 Unused Serialized files (Serialized files now loaded: 0)
System memory in use before: 90.3 MB.
System memory in use after: 90.3 MB.

Unloading 12 unused Assets to reduce memory usage. Loaded Objects now: 2458.
Total: 2.000700 ms (FindLiveObjects: 0.157900 ms CreateObjectMapping: 0.055300 ms MarkObjects: 1.679300 ms  DeleteObjects: 0.107500 ms)

========================================================================
Received Prepare
Registering precompiled user dll's ...
Registered in 0.000770 seconds.
Begin MonoManager ReloadAssembly
Native extension for WindowsStandalone target not found
Refreshing native plugins compatible for Editor in 0.36 ms, found 1 plugins.
Preloading 0 native plugins for Editor in 0.00 ms.
Mono: successfully reloaded assembly
- Completed reload, in  0.758 seconds
Platform modules already initialized, skipping
Refreshing native plugins compatible for Editor in 0.36 ms, found 1 plugins.
Preloading 0 native plugins for Editor in 0.00 ms.
Unloading 1837 Unused Serialized files (Serialized files now loaded: 0)
System memory in use before: 90.3 MB.
System memory in use after: 90.3 MB.

Unloading 12 unused Assets to reduce memory usage. Loaded Objects now: 2462.
Total: 1.780300 ms (FindLiveObjects: 0.154300 ms CreateObjectMapping: 0.051600 ms MarkObjects: 1.477100 ms  DeleteObjects: 0.096400 ms)

========================================================================
Received Prepare
Registering precompiled user dll's ...
Registered in 0.000730 seconds.
Begin MonoManager ReloadAssembly
Native extension for WindowsStandalone target not found
Refreshing native plugins compatible for Editor in 0.35 ms, found 1 plugins.
Preloading 0 native plugins for Editor in 0.00 ms.
Mono: successfully reloaded assembly
- Completed reload, in  0.733 seconds
Platform modules already initialized, skipping
Refreshing native plugins compatible for Editor in 0.35 ms, found 1 plugins.
Preloading 0 native plugins for Editor in 0.00 ms.
Unloading 1837 Unused Serialized files (Serialized files now loaded: 0)
System memory in use before: 90.3 MB.
System memory in use after: 90.3 MB.

Unloading 12 unused Assets to reduce memory usage. Loaded Objects now: 2466.
Total: 2.025700 ms (FindLiveObjects: 0.171800 ms CreateObjectMapping: 0.056100 ms MarkObjects: 1.699500 ms  DeleteObjects: 0.097400 ms)

========================================================================
Received Prepare
Registering precompiled user dll's ...
Registered in 0.000814 seconds.
Begin MonoManager ReloadAssembly
Native extension for WindowsStandalone target not found
Refreshing native plugins compatible for Editor in 0.40 ms, found 1 plugins.
Preloading 0 native plugins for Editor in 0.00 ms.
Mono: successfully reloaded assembly
- Completed reload, in  0.772 seconds
Platform modules already initialized, skipping
Refreshing native plugins compatible for Editor in 0.35 ms, found 1 plugins.
Preloading 0 native plugins for Editor in 0.00 ms.
Unloading 1837 Unused Serialized files (Serialized files now loaded: 0)
System memory in use before: 90.3 MB.
System memory in use after: 90.3 MB.

Unloading 12 unused Assets to reduce memory usage. Loaded Objects now: 2470.
Total: 2.055200 ms (FindLiveObjects: 0.180500 ms CreateObjectMapping: 0.052500 ms MarkObjects: 1.723700 ms  DeleteObjects: 0.097700 ms)

========================================================================
Received Prepare
Registering precompiled user dll's ...
Registered in 0.000880 seconds.
Begin MonoManager ReloadAssembly
Native extension for WindowsStandalone target not found
Refreshing native plugins compatible for Editor in 0.35 ms, found 1 plugins.
Preloading 0 native plugins for Editor in 0.00 ms.
Mono: successfully reloaded assembly
- Completed reload, in  0.757 seconds
Platform modules already initialized, skipping
Refreshing native plugins compatible for Editor in 0.36 ms, found 1 plugins.
Preloading 0 native plugins for Editor in 0.00 ms.
Unloading 1837 Unused Serialized files (Serialized files now loaded: 0)
System memory in use before: 90.3 MB.
System memory in use after: 90.3 MB.

Unloading 12 unused Assets to reduce memory usage. Loaded Objects now: 2474.
Total: 1.978300 ms (FindLiveObjects: 0.162100 ms CreateObjectMapping: 0.056500 ms MarkObjects: 1.666700 ms  DeleteObjects: 0.092300 ms)

========================================================================
Received Import Request.
  Time since last request: 1087.742675 seconds.
  path: Assets/Scripts/ShootAttack.cs
  artifactKey: Guid(acfd632d113ac4b47abc89b8ff9cca51) Importer(815301076,1909f56bfc062723c751e8b465ee728b)
Start importing Assets/Scripts/ShootAttack.cs using Guid(acfd632d113ac4b47abc89b8ff9cca51) Importer(815301076,1909f56bfc062723c751e8b465ee728b)  -> (artifact id: 'fef2cb8655ce96ea91556f71f14cdcba') in 0.003497 seconds
  Import took 0.006679 seconds .

========================================================================
Received Prepare
Registering precompiled user dll's ...
Registered in 0.000750 seconds.
Begin MonoManager ReloadAssembly
Native extension for WindowsStandalone target not found
Refreshing native plugins compatible for Editor in 0.34 ms, found 1 plugins.
Preloading 0 native plugins for Editor in 0.00 ms.
Mono: successfully reloaded assembly
- Completed reload, in  0.753 seconds
Platform modules already initialized, skipping
Refreshing native plugins compatible for Editor in 0.35 ms, found 1 plugins.
Preloading 0 native plugins for Editor in 0.00 ms.
Unloading 1837 Unused Serialized files (Serialized files now loaded: 0)
System memory in use before: 90.3 MB.
System memory in use after: 90.3 MB.

Unloading 12 unused Assets to reduce memory usage. Loaded Objects now: 2478.
Total: 1.993200 ms (FindLiveObjects: 0.154100 ms CreateObjectMapping: 0.050800 ms MarkObjects: 1.692900 ms  DeleteObjects: 0.094600 ms)

========================================================================
Received Prepare
Registering precompiled user dll's ...
Registered in 0.000803 seconds.
Begin MonoManager ReloadAssembly
Native extension for WindowsStandalone target not found
Refreshing native plugins compatible for Editor in 0.38 ms, found 1 plugins.
Preloading 0 native plugins for Editor in 0.00 ms.
Mono: successfully reloaded assembly
- Completed reload, in  0.770 seconds
Platform modules already initialized, skipping
Refreshing native plugins compatible for Editor in 0.37 ms, found 1 plugins.
Preloading 0 native plugins for Editor in 0.00 ms.
Unloading 1837 Unused Serialized files (Serialized files now loaded: 0)
System memory in use before: 90.4 MB.
System memory in use after: 90.3 MB.

Unloading 12 unused Assets to reduce memory usage. Loaded Objects now: 2482.
Total: 2.141200 ms (FindLiveObjects: 0.188300 ms CreateObjectMapping: 0.051700 ms MarkObjects: 1.769700 ms  DeleteObjects: 0.130500 ms)

========================================================================
Received Import Request.
  Time since last request: 61.568987 seconds.
  path: Assets/Scripts/ShootAttack.cs
  artifactKey: Guid(acfd632d113ac4b47abc89b8ff9cca51) Importer(815301076,1909f56bfc062723c751e8b465ee728b)
Start importing Assets/Scripts/ShootAttack.cs using Guid(acfd632d113ac4b47abc89b8ff9cca51) Importer(815301076,1909f56bfc062723c751e8b465ee728b)  -> (artifact id: '461682677a30b8eaf6296787f3d6ac72') in 0.003019 seconds
  Import took 0.005434 seconds .

========================================================================
Received Prepare
Registering precompiled user dll's ...
Registered in 0.000838 seconds.
Begin MonoManager ReloadAssembly
Native extension for WindowsStandalone target not found
Refreshing native plugins compatible for Editor in 0.38 ms, found 1 plugins.
Preloading 0 native plugins for Editor in 0.00 ms.
Mono: successfully reloaded assembly
- Completed reload, in  0.786 seconds
Platform modules already initialized, skipping
Refreshing native plugins compatible for Editor in 0.35 ms, found 1 plugins.
Preloading 0 native plugins for Editor in 0.00 ms.
Unloading 1837 Unused Serialized files (Serialized files now loaded: 0)
System memory in use before: 90.4 MB.
System memory in use after: 90.3 MB.

Unloading 12 unused Assets to reduce memory usage. Loaded Objects now: 2486.
Total: 2.380200 ms (FindLiveObjects: 0.192300 ms CreateObjectMapping: 0.060500 ms MarkObjects: 2.029200 ms  DeleteObjects: 0.097100 ms)

========================================================================
Received Import Request.
  Time since last request: 96.506868 seconds.
  path: Assets/Scripts/ShootAttack.cs
  artifactKey: Guid(acfd632d113ac4b47abc89b8ff9cca51) Importer(815301076,1909f56bfc062723c751e8b465ee728b)
Start importing Assets/Scripts/ShootAttack.cs using Guid(acfd632d113ac4b47abc89b8ff9cca51) Importer(815301076,1909f56bfc062723c751e8b465ee728b)  -> (artifact id: '43a442480d05accad751c1234e63830d') in 0.003087 seconds
  Import took 0.005691 seconds .

========================================================================
Received Prepare
Registering precompiled user dll's ...
Registered in 0.000801 seconds.
Begin MonoManager ReloadAssembly
Native extension for WindowsStandalone target not found
Refreshing native plugins compatible for Editor in 0.40 ms, found 1 plugins.
Preloading 0 native plugins for Editor in 0.00 ms.
Mono: successfully reloaded assembly
- Completed reload, in  0.763 seconds
Platform modules already initialized, skipping
Refreshing native plugins compatible for Editor in 0.38 ms, found 1 plugins.
Preloading 0 native plugins for Editor in 0.00 ms.
Unloading 1837 Unused Serialized files (Serialized files now loaded: 0)
System memory in use before: 90.4 MB.
System memory in use after: 90.4 MB.

Unloading 12 unused Assets to reduce memory usage. Loaded Objects now: 2490.
Total: 1.992700 ms (FindLiveObjects: 0.155100 ms CreateObjectMapping: 0.050300 ms MarkObjects: 1.695600 ms  DeleteObjects: 0.090800 ms)

========================================================================
Received Import Request.
  Time since last request: 110.458516 seconds.
  path: Assets/Scripts/Player/PlayerController.cs
  artifactKey: Guid(c1ce41d6c1c3e744396ce58c0f09ed53) Importer(815301076,1909f56bfc062723c751e8b465ee728b)
Start importing Assets/Scripts/Player/PlayerController.cs using Guid(c1ce41d6c1c3e744396ce58c0f09ed53) Importer(815301076,1909f56bfc062723c751e8b465ee728b)  -> (artifact id: '3f084a833e0c361011fa9fbfaf67347e') in 0.004050 seconds
  Import took 0.006972 seconds .

========================================================================
Received Import Request.
  Time since last request: 0.025047 seconds.
  path: Assets/Scripts/Player/PlayerController.cs
  artifactKey: Guid(c1ce41d6c1c3e744396ce58c0f09ed53) Importer(815301076,1909f56bfc062723c751e8b465ee728b)
Start importing Assets/Scripts/Player/PlayerController.cs using Guid(c1ce41d6c1c3e744396ce58c0f09ed53) Importer(815301076,1909f56bfc062723c751e8b465ee728b)  -> (artifact id: '3f084a833e0c361011fa9fbfaf67347e') in 0.001057 seconds
  Import took 0.003791 seconds .

========================================================================
Received Import Request.
  Time since last request: 2.421035 seconds.
  path: Assets/Scripts/Player/PlayerShootingController.cs
  artifactKey: Guid(c1ce41d6c1c3e744396ce58c0f09ed53) Importer(815301076,1909f56bfc062723c751e8b465ee728b)
Start importing Assets/Scripts/Player/PlayerShootingController.cs using Guid(c1ce41d6c1c3e744396ce58c0f09ed53) Importer(815301076,1909f56bfc062723c751e8b465ee728b)  -> (artifact id: '8ed9df256d84661c0cfc26bab7e6add6') in 0.001110 seconds
  Import took 0.004164 seconds .

========================================================================
Received Prepare
Registering precompiled user dll's ...
Registered in 0.000755 seconds.
Begin MonoManager ReloadAssembly
Native extension for WindowsStandalone target not found
Refreshing native plugins compatible for Editor in 0.36 ms, found 1 plugins.
Preloading 0 native plugins for Editor in 0.00 ms.
Mono: successfully reloaded assembly
- Completed reload, in  0.786 seconds
Platform modules already initialized, skipping
Refreshing native plugins compatible for Editor in 0.36 ms, found 1 plugins.
Preloading 0 native plugins for Editor in 0.00 ms.
Unloading 1837 Unused Serialized files (Serialized files now loaded: 0)
System memory in use before: 90.4 MB.
System memory in use after: 90.4 MB.

Unloading 12 unused Assets to reduce memory usage. Loaded Objects now: 2494.
Total: 1.960200 ms (FindLiveObjects: 0.161800 ms CreateObjectMapping: 0.057000 ms MarkObjects: 1.645100 ms  DeleteObjects: 0.095500 ms)

========================================================================
Received Prepare
Registering precompiled user dll's ...
Registered in 0.001335 seconds.
Begin MonoManager ReloadAssembly
Native extension for WindowsStandalone target not found
Refreshing native plugins compatible for Editor in 0.35 ms, found 1 plugins.
Preloading 0 native plugins for Editor in 0.00 ms.
Mono: successfully reloaded assembly
- Completed reload, in  0.770 seconds
Platform modules already initialized, skipping
Refreshing native plugins compatible for Editor in 0.37 ms, found 1 plugins.
Preloading 0 native plugins for Editor in 0.00 ms.
Unloading 1837 Unused Serialized files (Serialized files now loaded: 0)
System memory in use before: 90.4 MB.
System memory in use after: 90.4 MB.

Unloading 12 unused Assets to reduce memory usage. Loaded Objects now: 2498.
Total: 1.891900 ms (FindLiveObjects: 0.166000 ms CreateObjectMapping: 0.054300 ms MarkObjects: 1.528700 ms  DeleteObjects: 0.142100 ms)

========================================================================
Received Prepare
Registering precompiled user dll's ...
Registered in 0.001480 seconds.
Begin MonoManager ReloadAssembly
Native extension for WindowsStandalone target not found
Refreshing native plugins compatible for Editor in 0.46 ms, found 1 plugins.
Preloading 0 native plugins for Editor in 0.00 ms.
Mono: successfully reloaded assembly
- Completed reload, in  0.772 seconds
Platform modules already initialized, skipping
Refreshing native plugins compatible for Editor in 0.48 ms, found 1 plugins.
Preloading 0 native plugins for Editor in 0.00 ms.
Unloading 1837 Unused Serialized files (Serialized files now loaded: 0)
System memory in use before: 90.4 MB.
System memory in use after: 90.4 MB.

Unloading 12 unused Assets to reduce memory usage. Loaded Objects now: 2502.
Total: 2.038200 ms (FindLiveObjects: 0.168300 ms CreateObjectMapping: 0.056200 ms MarkObjects: 1.711200 ms  DeleteObjects: 0.101600 ms)

========================================================================
Received Prepare
Registering precompiled user dll's ...
Registered in 0.000758 seconds.
Begin MonoManager ReloadAssembly
Native extension for WindowsStandalone target not found
Refreshing native plugins compatible for Editor in 0.55 ms, found 1 plugins.
Preloading 0 native plugins for Editor in 0.00 ms.
Mono: successfully reloaded assembly
- Completed reload, in  0.748 seconds
Platform modules already initialized, skipping
Refreshing native plugins compatible for Editor in 0.36 ms, found 1 plugins.
Preloading 0 native plugins for Editor in 0.00 ms.
Unloading 1837 Unused Serialized files (Serialized files now loaded: 0)
System memory in use before: 90.4 MB.
System memory in use after: 90.4 MB.

Unloading 12 unused Assets to reduce memory usage. Loaded Objects now: 2506.
Total: 2.058400 ms (FindLiveObjects: 0.179700 ms CreateObjectMapping: 0.062700 ms MarkObjects: 1.719200 ms  DeleteObjects: 0.096000 ms)

========================================================================
Received Prepare
Registering precompiled user dll's ...
Registered in 0.000781 seconds.
Begin MonoManager ReloadAssembly
Native extension for WindowsStandalone target not found
Refreshing native plugins compatible for Editor in 0.38 ms, found 1 plugins.
Preloading 0 native plugins for Editor in 0.00 ms.
Mono: successfully reloaded assembly
- Completed reload, in  0.768 seconds
Platform modules already initialized, skipping
Refreshing native plugins compatible for Editor in 0.36 ms, found 1 plugins.
Preloading 0 native plugins for Editor in 0.00 ms.
Unloading 1837 Unused Serialized files (Serialized files now loaded: 0)
System memory in use before: 90.4 MB.
System memory in use after: 90.4 MB.

Unloading 12 unused Assets to reduce memory usage. Loaded Objects now: 2510.
Total: 2.122400 ms (FindLiveObjects: 0.187700 ms CreateObjectMapping: 0.067600 ms MarkObjects: 1.711400 ms  DeleteObjects: 0.154900 ms)

========================================================================
Received Prepare
Registering precompiled user dll's ...
Registered in 0.000736 seconds.
Begin MonoManager ReloadAssembly
Native extension for WindowsStandalone target not found
Refreshing native plugins compatible for Editor in 0.35 ms, found 1 plugins.
Preloading 0 native plugins for Editor in 0.00 ms.
Mono: successfully reloaded assembly
- Completed reload, in  0.788 seconds
Platform modules already initialized, skipping
Refreshing native plugins compatible for Editor in 0.36 ms, found 1 plugins.
Preloading 0 native plugins for Editor in 0.00 ms.
Unloading 1837 Unused Serialized files (Serialized files now loaded: 0)
System memory in use before: 90.4 MB.
System memory in use after: 90.4 MB.

Unloading 12 unused Assets to reduce memory usage. Loaded Objects now: 2514.
Total: 2.256400 ms (FindLiveObjects: 0.166100 ms CreateObjectMapping: 0.053600 ms MarkObjects: 1.913700 ms  DeleteObjects: 0.121900 ms)

========================================================================
Received Prepare
Registering precompiled user dll's ...
Registered in 0.001267 seconds.
Begin MonoManager ReloadAssembly
Native extension for WindowsStandalone target not found
Refreshing native plugins compatible for Editor in 0.51 ms, found 1 plugins.
Preloading 0 native plugins for Editor in 0.00 ms.
Mono: successfully reloaded assembly
- Completed reload, in  0.766 seconds
Platform modules already initialized, skipping
Refreshing native plugins compatible for Editor in 1.12 ms, found 1 plugins.
Preloading 0 native plugins for Editor in 0.00 ms.
Unloading 1837 Unused Serialized files (Serialized files now loaded: 0)
System memory in use before: 90.4 MB.
System memory in use after: 90.4 MB.

Unloading 12 unused Assets to reduce memory usage. Loaded Objects now: 2518.
Total: 2.101300 ms (FindLiveObjects: 0.198900 ms CreateObjectMapping: 0.066100 ms MarkObjects: 1.696600 ms  DeleteObjects: 0.138800 ms)

========================================================================
Received Prepare
Registering precompiled user dll's ...
Registered in 0.001102 seconds.
Begin MonoManager ReloadAssembly
Native extension for WindowsStandalone target not found
Refreshing native plugins compatible for Editor in 0.39 ms, found 1 plugins.
Preloading 0 native plugins for Editor in 0.00 ms.
Mono: successfully reloaded assembly
- Completed reload, in  0.828 seconds
Platform modules already initialized, skipping
Refreshing native plugins compatible for Editor in 0.36 ms, found 1 plugins.
Preloading 0 native plugins for Editor in 0.00 ms.
Unloading 1837 Unused Serialized files (Serialized files now loaded: 0)
System memory in use before: 90.4 MB.
System memory in use after: 90.4 MB.

Unloading 12 unused Assets to reduce memory usage. Loaded Objects now: 2522.
Total: 2.077200 ms (FindLiveObjects: 0.203400 ms CreateObjectMapping: 0.067500 ms MarkObjects: 1.704600 ms  DeleteObjects: 0.100900 ms)

========================================================================
Received Prepare
Registering precompiled user dll's ...
Registered in 0.000854 seconds.
Begin MonoManager ReloadAssembly
Native extension for WindowsStandalone target not found
Refreshing native plugins compatible for Editor in 0.38 ms, found 1 plugins.
Preloading 0 native plugins for Editor in 0.00 ms.
Mono: successfully reloaded assembly
- Completed reload, in  0.759 seconds
Platform modules already initialized, skipping
Refreshing native plugins compatible for Editor in 0.35 ms, found 1 plugins.
Preloading 0 native plugins for Editor in 0.00 ms.
Unloading 1837 Unused Serialized files (Serialized files now loaded: 0)
System memory in use before: 90.5 MB.
System memory in use after: 90.4 MB.

Unloading 12 unused Assets to reduce memory usage. Loaded Objects now: 2526.
Total: 1.915500 ms (FindLiveObjects: 0.187900 ms CreateObjectMapping: 0.061300 ms MarkObjects: 1.567700 ms  DeleteObjects: 0.097700 ms)

========================================================================
Received Prepare
Registering precompiled user dll's ...
Registered in 0.000933 seconds.
Begin MonoManager ReloadAssembly
Native extension for WindowsStandalone target not found
Refreshing native plugins compatible for Editor in 0.36 ms, found 1 plugins.
Preloading 0 native plugins for Editor in 0.00 ms.
Mono: successfully reloaded assembly
- Completed reload, in  0.819 seconds
Platform modules already initialized, skipping
Refreshing native plugins compatible for Editor in 0.36 ms, found 1 plugins.
Preloading 0 native plugins for Editor in 0.00 ms.
Unloading 1837 Unused Serialized files (Serialized files now loaded: 0)
System memory in use before: 90.5 MB.
System memory in use after: 90.4 MB.

Unloading 12 unused Assets to reduce memory usage. Loaded Objects now: 2530.
Total: 2.034600 ms (FindLiveObjects: 0.166800 ms CreateObjectMapping: 0.056900 ms MarkObjects: 1.713200 ms  DeleteObjects: 0.096900 ms)

========================================================================
Received Prepare
Registering precompiled user dll's ...
Registered in 0.001380 seconds.
Begin MonoManager ReloadAssembly
Native extension for WindowsStandalone target not found
Refreshing native plugins compatible for Editor in 0.38 ms, found 1 plugins.
Preloading 0 native plugins for Editor in 0.00 ms.
Mono: successfully reloaded assembly
- Completed reload, in  0.868 seconds
Platform modules already initialized, skipping
Refreshing native plugins compatible for Editor in 0.38 ms, found 1 plugins.
Preloading 0 native plugins for Editor in 0.00 ms.
Unloading 1837 Unused Serialized files (Serialized files now loaded: 0)
System memory in use before: 90.5 MB.
System memory in use after: 90.5 MB.

Unloading 12 unused Assets to reduce memory usage. Loaded Objects now: 2534.
Total: 3.318600 ms (FindLiveObjects: 0.682300 ms CreateObjectMapping: 0.382300 ms MarkObjects: 2.135000 ms  DeleteObjects: 0.117800 ms)

========================================================================
Received Import Request.
  Time since last request: 912.624072 seconds.
  path: Assets/Scripts/StaticValues.cs
  artifactKey: Guid(2dc57795200beaf45942d9ce534860e0) Importer(815301076,1909f56bfc062723c751e8b465ee728b)
Start importing Assets/Scripts/StaticValues.cs using Guid(2dc57795200beaf45942d9ce534860e0) Importer(815301076,1909f56bfc062723c751e8b465ee728b)  -> (artifact id: '2dfeb931d7cd18ca79b8df7e74d6a6ad') in 0.003447 seconds
  Import took 0.006563 seconds .

========================================================================
Received Prepare
Registering precompiled user dll's ...
Registered in 0.000858 seconds.
Begin MonoManager ReloadAssembly
Native extension for WindowsStandalone target not found
Refreshing native plugins compatible for Editor in 0.45 ms, found 1 plugins.
Preloading 0 native plugins for Editor in 0.00 ms.
Mono: successfully reloaded assembly
- Completed reload, in  0.759 seconds
Platform modules already initialized, skipping
Refreshing native plugins compatible for Editor in 0.40 ms, found 1 plugins.
Preloading 0 native plugins for Editor in 0.00 ms.
Unloading 1837 Unused Serialized files (Serialized files now loaded: 0)
System memory in use before: 90.5 MB.
System memory in use after: 90.5 MB.

Unloading 12 unused Assets to reduce memory usage. Loaded Objects now: 2538.
Total: 2.757100 ms (FindLiveObjects: 0.212100 ms CreateObjectMapping: 0.071500 ms MarkObjects: 2.359900 ms  DeleteObjects: 0.112200 ms)

========================================================================
Received Import Request.
  Time since last request: 108.222243 seconds.
  path: Assets/Scripts/StaticValues.cs
  artifactKey: Guid(2dc57795200beaf45942d9ce534860e0) Importer(815301076,1909f56bfc062723c751e8b465ee728b)
Start importing Assets/Scripts/StaticValues.cs using Guid(2dc57795200beaf45942d9ce534860e0) Importer(815301076,1909f56bfc062723c751e8b465ee728b)  -> (artifact id: '7a511295d2d2505ee90c900132b68695') in 0.004476 seconds
  Import took 0.009307 seconds .

========================================================================
Received Prepare
Registering precompiled user dll's ...
Registered in 0.000764 seconds.
Begin MonoManager ReloadAssembly
Native extension for WindowsStandalone target not found
Refreshing native plugins compatible for Editor in 0.36 ms, found 1 plugins.
Preloading 0 native plugins for Editor in 0.00 ms.
Mono: successfully reloaded assembly
- Completed reload, in  0.743 seconds
Platform modules already initialized, skipping
Refreshing native plugins compatible for Editor in 0.39 ms, found 1 plugins.
Preloading 0 native plugins for Editor in 0.00 ms.
Unloading 1837 Unused Serialized files (Serialized files now loaded: 0)
System memory in use before: 90.5 MB.
System memory in use after: 90.4 MB.

Unloading 12 unused Assets to reduce memory usage. Loaded Objects now: 2542.
Total: 1.916500 ms (FindLiveObjects: 0.184000 ms CreateObjectMapping: 0.058400 ms MarkObjects: 1.564600 ms  DeleteObjects: 0.108500 ms)

========================================================================
Received Prepare
Registering precompiled user dll's ...
Registered in 0.001107 seconds.
Begin MonoManager ReloadAssembly
Native extension for WindowsStandalone target not found
Refreshing native plugins compatible for Editor in 0.39 ms, found 1 plugins.
Preloading 0 native plugins for Editor in 0.00 ms.
Mono: successfully reloaded assembly
- Completed reload, in  0.750 seconds
Platform modules already initialized, skipping
Refreshing native plugins compatible for Editor in 0.36 ms, found 1 plugins.
Preloading 0 native plugins for Editor in 0.00 ms.
Unloading 1837 Unused Serialized files (Serialized files now loaded: 0)
System memory in use before: 90.5 MB.
System memory in use after: 90.5 MB.

Unloading 12 unused Assets to reduce memory usage. Loaded Objects now: 2546.
Total: 2.040600 ms (FindLiveObjects: 0.177600 ms CreateObjectMapping: 0.061700 ms MarkObjects: 1.705000 ms  DeleteObjects: 0.095400 ms)

AssetImportWorkerClient::OnTransportError - code=2 error=End of file
