Using pre-set license
Built from '2020.3/staging' branch; Version is '2020.3.9f1 (108be757e447) revision 1084391'; Using compiler version '192528614'; Build Type 'Release'
OS: 'Windows 10 Pro; OS build 19043.1110; Version 2009; 64bit' Language: 'en' Physical Memory: 16228 MB
BatchMode: 1, IsHumanControllingUs: 0, StartBugReporterOnCrash: 0, Is64bit: 1, IsPro: 0

 COMMAND LINE ARGUMENTS:
C:\Program Files\Unity\Hub\Editor\2020.3.9f1\Editor\Unity.exe
-adb2
-batchMode
-noUpm
-name
AssetImportWorker0
-projectPath
D:/DEV/Unity/Projects/ShootemUp
-logFile
Logs/AssetImportWorker0.log
-srvPort
51959
Successfully changed project path to: D:/DEV/Unity/Projects/ShootemUp
D:/DEV/Unity/Projects/ShootemUp
Using Asset Import Pipeline V2.
Refreshing native plugins compatible for Editor in 40.45 ms, found 3 plugins.
Preloading 0 native plugins for Editor in 0.00 ms.
Initialize engine version: 2020.3.9f1 (108be757e447)
[Subsystems] Discovering subsystems at path C:/Program Files/Unity/Hub/Editor/2020.3.9f1/Editor/Data/Resources/UnitySubsystems
[Subsystems] Discovering subsystems at path D:/DEV/Unity/Projects/ShootemUp/Assets
GfxDevice: creating device client; threaded=0
Direct3D:
    Version:  Direct3D 11.0 [level 11.1]
    Renderer: NVIDIA GeForce GTX 1070 (ID=0x1ba1)
    Vendor:   
    VRAM:     8081 MB
    Driver:   26.21.14.4237
Initialize mono
Mono path[0] = 'C:/Program Files/Unity/Hub/Editor/2020.3.9f1/Editor/Data/Managed'
Mono path[1] = 'C:/Program Files/Unity/Hub/Editor/2020.3.9f1/Editor/Data/MonoBleedingEdge/lib/mono/unityjit'
Mono config path = 'C:/Program Files/Unity/Hub/Editor/2020.3.9f1/Editor/Data/MonoBleedingEdge/etc'
Using monoOptions --debugger-agent=transport=dt_socket,embedding=1,server=y,suspend=n,address=127.0.0.1:56220
Begin MonoManager ReloadAssembly
Registering precompiled unity dll's ...
Register platform support module: C:/Program Files/Unity/Hub/Editor/2020.3.9f1/Editor/Data/PlaybackEngines/WindowsStandaloneSupport/UnityEditor.WindowsStandalone.Extensions.dll
Registered in 0.001983 seconds.
Native extension for WindowsStandalone target not found
Refreshing native plugins compatible for Editor in 38.58 ms, found 3 plugins.
Preloading 0 native plugins for Editor in 0.00 ms.
Mono: successfully reloaded assembly
- Completed reload, in  1.925 seconds
Platform modules already initialized, skipping
Registering precompiled user dll's ...
Registered in 0.002897 seconds.
Begin MonoManager ReloadAssembly
Native extension for WindowsStandalone target not found
Refreshing native plugins compatible for Editor in 39.80 ms, found 3 plugins.
Preloading 0 native plugins for Editor in 0.00 ms.
Mono: successfully reloaded assembly
- Completed reload, in  1.001 seconds
Platform modules already initialized, skipping
========================================================================
Worker process is ready to serve import requests
Launched and connected shader compiler UnityShaderCompiler.exe after 0.04 seconds
Refreshing native plugins compatible for Editor in 0.44 ms, found 3 plugins.
Preloading 0 native plugins for Editor in 0.00 ms.
Unloading 2143 Unused Serialized files (Serialized files now loaded: 0)
System memory in use before: 96.0 MB.
System memory in use after: 96.1 MB.

Unloading 28 unused Assets to reduce memory usage. Loaded Objects now: 2582.
Total: 2.376500 ms (FindLiveObjects: 0.257500 ms CreateObjectMapping: 0.074600 ms MarkObjects: 1.975300 ms  DeleteObjects: 0.068100 ms)

========================================================================
Received Import Request.
  path: Assets/Scripts/ScriptableObjects/Killables
  artifactKey: Guid(e85212cc9139cdc4c907c0ac4cdd6cc7) Importer(815301076,1909f56bfc062723c751e8b465ee728b)
Start importing Assets/Scripts/ScriptableObjects/Killables using Guid(e85212cc9139cdc4c907c0ac4cdd6cc7) Importer(815301076,1909f56bfc062723c751e8b465ee728b)  -> (artifact id: '26c7326b9e93435462e1ad79f460bc41') in 0.003477 seconds
  Import took 0.015874 seconds .

========================================================================
Received Import Request.
  Time since last request: 0.000375 seconds.
  path: Assets/Scripts/ScriptableObjects/Killables/Npc_Enemy_Lv_0.asset
  artifactKey: Guid(62d378f4d9b7ace429180c9a43e9b644) Importer(815301076,1909f56bfc062723c751e8b465ee728b)
Start importing Assets/Scripts/ScriptableObjects/Killables/Npc_Enemy_Lv_0.asset using Guid(62d378f4d9b7ace429180c9a43e9b644) Importer(815301076,1909f56bfc062723c751e8b465ee728b)  -> (artifact id: 'a275d3f0b2b05d4203a9f814eafcab2d') in 0.039867 seconds
  Import took 0.043747 seconds .

========================================================================
Received Import Request.
  Time since last request: 0.000362 seconds.
  path: Assets/Prefab/Killables
  artifactKey: Guid(a9f0b2c9f9a72a34bbca0bbe3e61b5fa) Importer(815301076,1909f56bfc062723c751e8b465ee728b)
Start importing Assets/Prefab/Killables using Guid(a9f0b2c9f9a72a34bbca0bbe3e61b5fa) Importer(815301076,1909f56bfc062723c751e8b465ee728b)  -> (artifact id: 'd5e9bef6ad88c9b60271730e57fbac2d') in 0.001044 seconds
  Import took 0.004344 seconds .

========================================================================
Received Import Request.
  Time since last request: 11.588021 seconds.
  path: Assets/Scripts/ScriptableObjects/Player/Player_0.asset
  artifactKey: Guid(502fc9d17da1f5b46962a91dca3e5bb2) Importer(815301076,1909f56bfc062723c751e8b465ee728b)
Start importing Assets/Scripts/ScriptableObjects/Player/Player_0.asset using Guid(502fc9d17da1f5b46962a91dca3e5bb2) Importer(815301076,1909f56bfc062723c751e8b465ee728b)  -> (artifact id: 'fe899de09728264a274c3f0088e3eb63') in 0.009088 seconds
  Import took 0.033300 seconds .

========================================================================
Received Import Request.
  Time since last request: 8.185296 seconds.
  path: Assets/Scripts/ScriptableObjects/Player/Player_0.asset
  artifactKey: Guid(502fc9d17da1f5b46962a91dca3e5bb2) Importer(815301076,1909f56bfc062723c751e8b465ee728b)
Start importing Assets/Scripts/ScriptableObjects/Player/Player_0.asset using Guid(502fc9d17da1f5b46962a91dca3e5bb2) Importer(815301076,1909f56bfc062723c751e8b465ee728b)  -> (artifact id: '844ae25b33e4a1f5db55b53fb1006ea3') in 0.008663 seconds
  Import took 0.012548 seconds .

========================================================================
Received Import Request.
  Time since last request: 8.542112 seconds.
  path: Assets/Scripts/ScriptableObjects/Killables/Npc_Enemy_Lv_0.asset
  artifactKey: Guid(62d378f4d9b7ace429180c9a43e9b644) Importer(815301076,1909f56bfc062723c751e8b465ee728b)
Start importing Assets/Scripts/ScriptableObjects/Killables/Npc_Enemy_Lv_0.asset using Guid(62d378f4d9b7ace429180c9a43e9b644) Importer(815301076,1909f56bfc062723c751e8b465ee728b)  -> (artifact id: 'af125c36378550cbbba2d7a2c12c3907') in 0.002420 seconds
  Import took 0.005448 seconds .

========================================================================
Received Prepare
Refreshing native plugins compatible for Editor in 2.72 ms, found 3 plugins.
Preloading 0 native plugins for Editor in 0.00 ms.
Unloading 14 Unused Serialized files (Serialized files now loaded: 0)
System memory in use before: 52.6 MB.
System memory in use after: 52.7 MB.

Unloading 14 unused Assets to reduce memory usage. Loaded Objects now: 2582.
Total: 2.516600 ms (FindLiveObjects: 0.174800 ms CreateObjectMapping: 0.082900 ms MarkObjects: 2.240600 ms  DeleteObjects: 0.017500 ms)

AssetImportWorkerClient::OnTransportError - code=2 error=End of file
